#
# There is insufficient memory for the Java Runtime Environment to continue.
# Native memory allocation (malloc) failed to allocate 1550576 bytes. Error detail: Chunk::new
# Possible reasons:
#   The system is out of physical RAM or swap space
#   This process is running with CompressedOops enabled, and the Java Heap may be blocking the growth of the native heap
# Possible solutions:
#   Reduce memory load on the system
#   Increase physical memory or swap space
#   Check if swap backing store is full
#   Decrease Java heap size (-Xmx/-Xms)
#   Decrease number of Java threads
#   Decrease Java thread stack sizes (-Xss)
#   Set larger code cache with -XX:ReservedCodeCacheSize=
#   JVM is running with Unscaled Compressed Oops mode in which the Java heap is
#     placed in the first 4GB address space. The Java Heap base address is the
#     maximum limit for the native heap growth. Please use -XX:HeapBaseMinAddress
#     to set the Java Heap base and to place the Java Heap above 4GB virtual address.
# This output file may be truncated or incomplete.
#
#  Out of Memory Error (arena.cpp:191), pid=12900, tid=3176
#
# JRE version: OpenJDK Runtime Environment Temurin-17.0.12+7 (17.0.12+7) (build 17.0.12+7)
# Java VM: OpenJDK 64-Bit Server VM Temurin-17.0.12+7 (17.0.12+7, mixed mode, tiered, compressed oops, compressed class ptrs, parallel gc, windows-amd64)
# No core dump will be written. Minidumps are not enabled by default on client versions of Windows
#

---------------  S U M M A R Y ------------

Command Line: --add-modules=ALL-SYSTEM --add-opens=java.base/java.util=ALL-UNNAMED --add-opens=java.base/java.lang=ALL-UNNAMED --add-opens=java.base/sun.nio.fs=ALL-UNNAMED -Declipse.application=org.eclipse.jdt.ls.core.id1 -Dosgi.bundles.defaultStartLevel=4 -Declipse.product=org.eclipse.jdt.ls.core.product -Djava.import.generatesMetadataFilesAtProjectRoot=false -DDetectVMInstallationsJob.disabled=true -Dfile.encoding=utf8 -XX:+UseParallelGC -XX:GCTimeRatio=4 -XX:AdaptiveSizePolicyWeight=90 -Dsun.zip.disableMemoryMapping=true -Xmx1G -Xms100m -Xlog:disable -javaagent:c:\Users\Administrator\.vscode\extensions\redhat.java-1.35.1-win32-x64\lombok\lombok-1.18.33.jar -XX:+HeapDumpOnOutOfMemoryError -XX:HeapDumpPath=c:\Users\Administrator\AppData\Roaming\Code\User\workspaceStorage\c6484d74b0b9eda4ee153595d0586b1a\redhat.java -Daether.dependencyCollector.impl=bf c:\Users\Administrator\.vscode\extensions\redhat.java-1.35.1-win32-x64\server\plugins\org.eclipse.equinox.launcher_1.6.900.v20240613-2009.jar -configuration c:\Users\Administrator\AppData\Roaming\Code\User\globalStorage\redhat.java\1.35.1\config_win -data c:\Users\Administrator\AppData\Roaming\Code\User\workspaceStorage\c6484d74b0b9eda4ee153595d0586b1a\redhat.java\jdt_ws --pipe=\\.\pipe\lsp-f410404b2c1c1b6a69f73d92ebb3df68-sock

Host: 11th Gen Intel(R) Core(TM) i5-1135G7 @ 2.40GHz, 8 cores, 7G,  Windows 10 , 64 bit Build 19041 (10.0.19041.4957)
Time: Thu Oct 24 21:39:56 2024 SE Asia Standard Time elapsed time: 8061.074845 seconds (0d 2h 14m 21s)

---------------  T H R E A D  ---------------

Current thread (0x000001de3c39dc80):  JavaThread "C2 CompilerThread0" daemon [_thread_in_native, id=3176, stack(0x000000abeb800000,0x000000abeb900000)]


Current CompileTask:
C2:8061074 11579 % !   4       org.eclipse.jdt.internal.compiler.classfmt.ClassFileReader::<init> @ 63 (2151 bytes)

Stack: [0x000000abeb800000,0x000000abeb900000]
Native frames: (J=compiled Java code, j=interpreted, Vv=VM code, C=native code)
V  [jvm.dll+0x67f929]
V  [jvm.dll+0x8371ba]
V  [jvm.dll+0x838c7e]
V  [jvm.dll+0x8392e3]
V  [jvm.dll+0x24834f]
V  [jvm.dll+0xac9d4]
V  [jvm.dll+0xad01c]
V  [jvm.dll+0x2af96f]
V  [jvm.dll+0x5868d7]
V  [jvm.dll+0x2231c2]
V  [jvm.dll+0x2235bf]
V  [jvm.dll+0x21c6e0]
V  [jvm.dll+0x219be1]
V  [jvm.dll+0x1a58bd]
V  [jvm.dll+0x229a2d]
V  [jvm.dll+0x227bdc]
V  [jvm.dll+0x7ec1f7]
V  [jvm.dll+0x7e65dc]
V  [jvm.dll+0x67e7f7]
C  [ucrtbase.dll+0x21bb2]
C  [KERNEL32.DLL+0x17374]
C  [ntdll.dll+0x4cc91]


---------------  P R O C E S S  ---------------

Threads class SMR info:
_java_thread_list=0x000001de45e76ce0, length=50, elements={
0x000001de284fdaf0, 0x000001de285b4570, 0x000001de285b6a70, 0x000001de285b7070,
0x000001de285b7940, 0x000001de285b8610, 0x000001de3c39d080, 0x000001de3c39dc80,
0x000001de417199f0, 0x000001de4172df10, 0x000001de28563830, 0x000001de419f5230,
0x000001de42926300, 0x000001de43585820, 0x000001de434ea9b0, 0x000001de434cdda0,
0x000001de43526f40, 0x000001de435148b0, 0x000001de43515cf0, 0x000001de43516200,
0x000001de43513e90, 0x000001de43516710, 0x000001de43513980, 0x000001de43512f60,
0x000001de435143a0, 0x000001de4378dd30, 0x000001de4378b9c0, 0x000001de4378e240,
0x000001de4378b4b0, 0x000001de4378e750, 0x000001de4378c8f0, 0x000001de4378ce00,
0x000001de4378bed0, 0x000001de4378aa90, 0x000001de4378f680, 0x000001de43792410,
0x000001de4477fda0, 0x000001de442d8640, 0x000001de44783040, 0x000001de44781c00,
0x000001de44784990, 0x000001de44780cd0, 0x000001de447816f0, 0x000001de44783a60,
0x000001de44783550, 0x000001de44784ea0, 0x000001de4477f380, 0x000001de44783f70,
0x000001de447811e0, 0x000001de447858c0
}

Java Threads: ( => current thread )
  0x000001de284fdaf0 JavaThread "main" [_thread_blocked, id=15432, stack(0x000000abeaf00000,0x000000abeb000000)]
  0x000001de285b4570 JavaThread "Reference Handler" daemon [_thread_blocked, id=14448, stack(0x000000abeb200000,0x000000abeb300000)]
  0x000001de285b6a70 JavaThread "Finalizer" daemon [_thread_blocked, id=4816, stack(0x000000abeb300000,0x000000abeb400000)]
  0x000001de285b7070 JavaThread "Signal Dispatcher" daemon [_thread_blocked, id=14360, stack(0x000000abeb400000,0x000000abeb500000)]
  0x000001de285b7940 JavaThread "Attach Listener" daemon [_thread_blocked, id=10996, stack(0x000000abeb500000,0x000000abeb600000)]
  0x000001de285b8610 JavaThread "Service Thread" daemon [_thread_blocked, id=10152, stack(0x000000abeb600000,0x000000abeb700000)]
  0x000001de3c39d080 JavaThread "Monitor Deflation Thread" daemon [_thread_blocked, id=5876, stack(0x000000abeb700000,0x000000abeb800000)]
=>0x000001de3c39dc80 JavaThread "C2 CompilerThread0" daemon [_thread_in_native, id=3176, stack(0x000000abeb800000,0x000000abeb900000)]
  0x000001de417199f0 JavaThread "C1 CompilerThread0" daemon [_thread_blocked, id=12124, stack(0x000000abeb900000,0x000000abeba00000)]
  0x000001de4172df10 JavaThread "Sweeper thread" daemon [_thread_blocked, id=32, stack(0x000000abeba00000,0x000000abebb00000)]
  0x000001de28563830 JavaThread "Common-Cleaner" daemon [_thread_blocked, id=2968, stack(0x000000abebb00000,0x000000abebc00000)]
  0x000001de419f5230 JavaThread "Notification Thread" daemon [_thread_blocked, id=7200, stack(0x000000abebc00000,0x000000abebd00000)]
  0x000001de42926300 JavaThread "Active Thread: Equinox Container: 45f2ece1-c46d-479a-9fc6-b9a99370af41" [_thread_blocked, id=7668, stack(0x000000abec600000,0x000000abec700000)]
  0x000001de43585820 JavaThread "Framework Event Dispatcher: Equinox Container: 45f2ece1-c46d-479a-9fc6-b9a99370af41" daemon [_thread_blocked, id=12408, stack(0x000000abec700000,0x000000abec800000)]
  0x000001de434ea9b0 JavaThread "Start Level: Equinox Container: 45f2ece1-c46d-479a-9fc6-b9a99370af41" daemon [_thread_blocked, id=5316, stack(0x000000abec800000,0x000000abec900000)]
  0x000001de434cdda0 JavaThread "Bundle File Closer" daemon [_thread_blocked, id=3116, stack(0x000000abeca00000,0x000000abecb00000)]
  0x000001de43526f40 JavaThread "SCR Component Actor" daemon [_thread_blocked, id=16488, stack(0x000000abecb00000,0x000000abecc00000)]
  0x000001de435148b0 JavaThread "Worker-JM" [_thread_blocked, id=6672, stack(0x000000abecd00000,0x000000abece00000)]
  0x000001de43515cf0 JavaThread "Worker-0: Java indexing... " [_thread_blocked, id=10356, stack(0x000000abec500000,0x000000abec600000)]
  0x000001de43516200 JavaThread "Java indexing" daemon [_thread_in_Java, id=10532, stack(0x000000abed000000,0x000000abed100000)]
  0x000001de43513e90 JavaThread "JNA Cleaner" daemon [_thread_blocked, id=10876, stack(0x000000abec400000,0x000000abec500000)]
  0x000001de43516710 JavaThread "Thread-2" daemon [_thread_in_native, id=4156, stack(0x000000abed500000,0x000000abed600000)]
  0x000001de43513980 JavaThread "Thread-3" daemon [_thread_in_native, id=17292, stack(0x000000abed600000,0x000000abed700000)]
  0x000001de43512f60 JavaThread "Thread-4" daemon [_thread_in_native, id=2508, stack(0x000000abed700000,0x000000abed800000)]
  0x000001de435143a0 JavaThread "Thread-5" daemon [_thread_in_native, id=5408, stack(0x000000abed800000,0x000000abed900000)]
  0x000001de4378dd30 JavaThread "Thread-6" daemon [_thread_in_native, id=6320, stack(0x000000abed900000,0x000000abeda00000)]
  0x000001de4378b9c0 JavaThread "Thread-7" daemon [_thread_in_native, id=2360, stack(0x000000abeda00000,0x000000abedb00000)]
  0x000001de4378e240 JavaThread "Thread-8" daemon [_thread_in_native, id=11068, stack(0x000000abedb00000,0x000000abedc00000)]
  0x000001de4378b4b0 JavaThread "Thread-9" daemon [_thread_in_native, id=8100, stack(0x000000abedc00000,0x000000abedd00000)]
  0x000001de4378e750 JavaThread "Thread-10" daemon [_thread_in_native, id=9476, stack(0x000000abedd00000,0x000000abede00000)]
  0x000001de4378c8f0 JavaThread "pool-2-thread-1" [_thread_blocked, id=1344, stack(0x000000abede00000,0x000000abedf00000)]
  0x000001de4378ce00 JavaThread "WorkspaceEventsHandler" [_thread_blocked, id=4004, stack(0x000000abedf00000,0x000000abee000000)]
  0x000001de4378bed0 JavaThread "pool-1-thread-1" [_thread_blocked, id=8208, stack(0x000000abee000000,0x000000abee100000)]
  0x000001de4378aa90 JavaThread "Compiler Source File Reader" daemon [_thread_blocked, id=7144, stack(0x000000abee800000,0x000000abee900000)]
  0x000001de4378f680 JavaThread "Compiler Source File Reader" daemon [_thread_blocked, id=14164, stack(0x000000abee900000,0x000000abeea00000)]
  0x000001de43792410 JavaThread "Compiler Source File Reader" daemon [_thread_blocked, id=13344, stack(0x000000abeea00000,0x000000abeeb00000)]
  0x000001de4477fda0 JavaThread "Worker-6" [_thread_blocked, id=8776, stack(0x000000abeae00000,0x000000abeaf00000)]
  0x000001de442d8640 JavaThread "C2 CompilerThread1" daemon [_thread_in_native, id=12320, stack(0x000000abeac00000,0x000000abead00000)]
  0x000001de44783040 JavaThread "ForkJoinPool.commonPool-worker-4" daemon [_thread_blocked, id=2092, stack(0x000000abead00000,0x000000abeae00000)]
  0x000001de44781c00 JavaThread "ForkJoinPool.commonPool-worker-5" daemon [_thread_blocked, id=15176, stack(0x000000abecc00000,0x000000abecd00000)]
  0x000001de44784990 JavaThread "ForkJoinPool.commonPool-worker-6" daemon [_thread_blocked, id=6964, stack(0x000000abece00000,0x000000abecf00000)]
  0x000001de44780cd0 JavaThread "ForkJoinPool.commonPool-worker-7" daemon [_thread_blocked, id=4276, stack(0x000000abecf00000,0x000000abed000000)]
  0x000001de447816f0 JavaThread "ForkJoinPool.commonPool-worker-8" daemon [_thread_blocked, id=912, stack(0x000000abed100000,0x000000abed200000)]
  0x000001de44783a60 JavaThread "ForkJoinPool.commonPool-worker-9" daemon [_thread_blocked, id=6844, stack(0x000000abed200000,0x000000abed300000)]
  0x000001de44783550 JavaThread "ForkJoinPool.commonPool-worker-10" daemon [_thread_blocked, id=10088, stack(0x000000abed300000,0x000000abed400000)]
  0x000001de44784ea0 JavaThread "Worker-7" [_thread_blocked, id=10460, stack(0x000000abed400000,0x000000abed500000)]
  0x000001de4477f380 JavaThread "Worker-8" [_thread_blocked, id=11524, stack(0x000000abee100000,0x000000abee200000)]
  0x000001de44783f70 JavaThread "Compiler Source File Reader" daemon [_thread_blocked, id=14352, stack(0x000000abee200000,0x000000abee300000)]
  0x000001de447811e0 JavaThread "Compiler Processing Task" daemon [_thread_blocked, id=14948, stack(0x000000abee300000,0x000000abee400000)]
  0x000001de447858c0 JavaThread "Cleaner-0" daemon [_thread_blocked, id=9028, stack(0x000000abee500000,0x000000abee600000)]

Other Threads:
  0x000001de3c3997b0 VMThread "VM Thread" [stack: 0x000000abeb100000,0x000000abeb200000] [id=16620]
  0x000001de4192b5a0 WatcherThread [stack: 0x000000abebd00000,0x000000abebe00000] [id=11556]
  0x000001de28517580 GCTaskThread "GC Thread#0" [stack: 0x000000abeb000000,0x000000abeb100000] [id=5220]
  0x000001de42e4d830 GCTaskThread "GC Thread#1" [stack: 0x000000abebe00000,0x000000abebf00000] [id=12572]
  0x000001de42a35360 GCTaskThread "GC Thread#2" [stack: 0x000000abebf00000,0x000000abec000000] [id=6408]
  0x000001de42a35620 GCTaskThread "GC Thread#3" [stack: 0x000000abec000000,0x000000abec100000] [id=9804]
  0x000001de42a358e0 GCTaskThread "GC Thread#4" [stack: 0x000000abec100000,0x000000abec200000] [id=10736]
  0x000001de427e62f0 GCTaskThread "GC Thread#5" [stack: 0x000000abec200000,0x000000abec300000] [id=14908]
  0x000001de427e65b0 GCTaskThread "GC Thread#6" [stack: 0x000000abec300000,0x000000abec400000] [id=6824]
  0x000001de42eda0c0 GCTaskThread "GC Thread#7" [stack: 0x000000abec900000,0x000000abeca00000] [id=7892]

Threads with active compile tasks:
C2 CompilerThread0  8061110 11579 % !   4       org.eclipse.jdt.internal.compiler.classfmt.ClassFileReader::<init> @ 63 (2151 bytes)
C2 CompilerThread1  8061110 10670       4       org.eclipse.jdt.internal.compiler.parser.Parser::consumeRule (7904 bytes)

VM state: not at safepoint (normal execution)

VM Mutex/Monitor currently owned by a thread: None

Heap address: 0x00000000c0000000, size: 1024 MB, Compressed Oops mode: 32-bit

CDS archive(s) not mapped
Compressed class space mapped at: 0x0000000100000000-0x0000000140000000, reserved size: 1073741824
Narrow klass base: 0x0000000000000000, Narrow klass shift: 3, Narrow klass range: 0x140000000

GC Precious Log:
 CPUs: 8 total, 8 available
 Memory: 7918M
 Large Page Support: Disabled
 NUMA Support: Disabled
 Compressed Oops: Enabled (32-bit)
 Alignments: Space 512K, Generation 512K, Heap 2M
 Heap Min Capacity: 100M
 Heap Initial Capacity: 100M
 Heap Max Capacity: 1G
 Pre-touch: Disabled
 Parallel Workers: 8

Heap:
 PSYoungGen      total 17408K, used 5370K [0x00000000eab00000, 0x00000000ec100000, 0x0000000100000000)
  eden space 13312K, 9% used [0x00000000eab00000,0x00000000eac45bc8,0x00000000eb800000)
  from space 4096K, 99% used [0x00000000eb900000,0x00000000ebcf8cc8,0x00000000ebd00000)
  to   space 3072K, 0% used [0x00000000ebe00000,0x00000000ebe00000,0x00000000ec100000)
 ParOldGen       total 140800K, used 109192K [0x00000000c0000000, 0x00000000c8980000, 0x00000000eab00000)
  object space 140800K, 77% used [0x00000000c0000000,0x00000000c6aa2178,0x00000000c8980000)
 Metaspace       used 79912K, committed 81216K, reserved 1179648K
  class space    used 8490K, committed 9088K, reserved 1048576K

Card table byte_map: [0x000001de27ed0000,0x000001de280e0000] _byte_map_base: 0x000001de278d0000

Marking Bits: (ParMarkBitMap*) 0x00007ff97c4c58b0
 Begin Bits: [0x000001de3a1a0000, 0x000001de3b1a0000)
 End Bits:   [0x000001de3b1a0000, 0x000001de3c1a0000)

Polling page: 0x000001de27cc0000

Metaspace:

Usage:
  Non-class:     69.75 MB used.
      Class:      8.29 MB used.
       Both:     78.04 MB used.

Virtual space:
  Non-class space:      128.00 MB reserved,      70.44 MB ( 55%) committed,  2 nodes.
      Class space:        1.00 GB reserved,       8.88 MB ( <1%) committed,  1 nodes.
             Both:        1.12 GB reserved,      79.31 MB (  7%) committed. 

Chunk freelists:
   Non-Class:  8.81 MB
       Class:  6.98 MB
        Both:  15.79 MB

MaxMetaspaceSize: unlimited
CompressedClassSpaceSize: 1.00 GB
Initial GC threshold: 21.00 MB
Current GC threshold: 131.81 MB
CDS: off
MetaspaceReclaimPolicy: balanced
 - commit_granule_bytes: 65536.
 - commit_granule_words: 8192.
 - virtual_space_node_default_size: 8388608.
 - enlarge_chunks_in_place: 1.
 - new_chunks_are_fully_committed: 0.
 - uncommit_free_chunks: 1.
 - use_allocation_guard: 0.
 - handle_deallocations: 1.


Internal statistics:

num_allocs_failed_limit: 9.
num_arena_births: 936.
num_arena_deaths: 174.
num_vsnodes_births: 3.
num_vsnodes_deaths: 0.
num_space_committed: 1269.
num_space_uncommitted: 0.
num_chunks_returned_to_freelist: 204.
num_chunks_taken_from_freelist: 4198.
num_chunk_merges: 69.
num_chunk_splits: 2563.
num_chunks_enlarged: 1542.
num_inconsistent_stats: 0.

CodeHeap 'non-profiled nmethods': size=120000Kb used=6947Kb max_used=6947Kb free=113052Kb
 bounds [0x000001de32c70000, 0x000001de33340000, 0x000001de3a1a0000]
CodeHeap 'profiled nmethods': size=120000Kb used=20508Kb max_used=20508Kb free=99491Kb
 bounds [0x000001de2b1a0000, 0x000001de2c5b0000, 0x000001de326d0000]
CodeHeap 'non-nmethods': size=5760Kb used=1434Kb max_used=1516Kb free=4325Kb
 bounds [0x000001de326d0000, 0x000001de32940000, 0x000001de32c70000]
 total_blobs=10548 nmethods=9768 adapters=692
 compilation: enabled
              stopped_count=0, restarted_count=0
 full_count=0

Compilation events (20 events):
Event: 8060.949 Thread 0x000001de417199f0 11591       3       jdk.internal.jrtfs.SystemImage$1::getResource (9 bytes)
Event: 8060.949 Thread 0x000001de417199f0 nmethod 11591 0x000001de2c59b590 code [0x000001de2c59b760, 0x000001de2c59ba78]
Event: 8060.958 Thread 0x000001de417199f0 11593   !   3       java.nio.file.Files::readAllBytes (127 bytes)
Event: 8060.959 Thread 0x000001de417199f0 nmethod 11593 0x000001de2c59bc10 code [0x000001de2c59bee0, 0x000001de2c59ce68]
Event: 8060.964 Thread 0x000001de417199f0 11594       3       jdk.internal.jrtfs.JrtFileSystem::getFileContent (49 bytes)
Event: 8060.965 Thread 0x000001de417199f0 nmethod 11594 0x000001de2c59d610 code [0x000001de2c59d880, 0x000001de2c59e1c8]
Event: 8060.965 Thread 0x000001de417199f0 11595   !   3       org.eclipse.jdt.internal.core.search.indexing.AddJrtToIndex$JrtIndexer::visitFile (133 bytes)
Event: 8060.970 Thread 0x000001de417199f0 nmethod 11595 0x000001de2c59e590 code [0x000001de2c59ec00, 0x000001de2c5a2dd8]
Event: 8060.970 Thread 0x000001de417199f0 11597       3       java.nio.file.Files::read (103 bytes)
Event: 8060.971 Thread 0x000001de417199f0 nmethod 11597 0x000001de2c5a4c90 code [0x000001de2c5a4ec0, 0x000001de2c5a5768]
Event: 8060.972 Thread 0x000001de417199f0 11598       3       jdk.internal.jimage.ImageReader$SharedImageReader::getResource (44 bytes)
Event: 8060.974 Thread 0x000001de417199f0 nmethod 11598 0x000001de2c5a5a90 code [0x000001de2c5a5d80, 0x000001de2c5a6cf8]
Event: 8061.029 Thread 0x000001de442d8640 nmethod 11580 0x000001de33333b10 code [0x000001de33333de0, 0x000001de33337020]
Event: 8061.029 Thread 0x000001de442d8640 11596       4       org.eclipse.jdt.internal.compiler.classfmt.ClassFileReader::getModifiers (55 bytes)
Event: 8061.031 Thread 0x000001de442d8640 nmethod 11596 0x000001de33338290 code [0x000001de33338400, 0x000001de33338538]
Event: 8061.031 Thread 0x000001de442d8640 11268       4       org.eclipse.jdt.internal.compiler.parser.Parser::tAction (35 bytes)
Event: 8061.032 Thread 0x000001de442d8640 nmethod 11268 0x000001de33338610 code [0x000001de333387a0, 0x000001de333388d8]
Event: 8061.032 Thread 0x000001de442d8640 11021       4       org.eclipse.jdt.internal.compiler.parser.Parser::actFromTokenOrSynthetic (9 bytes)
Event: 8061.033 Thread 0x000001de442d8640 nmethod 11021 0x000001de33338a10 code [0x000001de33338ba0, 0x000001de33338cf8]
Event: 8061.033 Thread 0x000001de442d8640 10670       4       org.eclipse.jdt.internal.compiler.parser.Parser::consumeRule (7904 bytes)

GC Heap History (20 events):
Event: 8060.286 GC heap before
{Heap before GC invocations=384 (full 15):
 PSYoungGen      total 15360K, used 15328K [0x00000000eab00000, 0x00000000ecc80000, 0x0000000100000000)
  eden space 7168K, 100% used [0x00000000eab00000,0x00000000eb200000,0x00000000eb200000)
  from space 8192K, 99% used [0x00000000ebd80000,0x00000000ec5781d8,0x00000000ec580000)
  to   space 11776K, 0% used [0x00000000eb200000,0x00000000eb200000,0x00000000ebd80000)
 ParOldGen       total 114176K, used 97467K [0x00000000c0000000, 0x00000000c6f80000, 0x00000000eab00000)
  object space 114176K, 85% used [0x00000000c0000000,0x00000000c5f2ee98,0x00000000c6f80000)
 Metaspace       used 79632K, committed 80960K, reserved 1179648K
  class space    used 8454K, committed 9088K, reserved 1048576K
}
Event: 8060.296 GC heap after
{Heap after GC invocations=384 (full 15):
 PSYoungGen      total 8704K, used 1340K [0x00000000eab00000, 0x00000000ebe00000, 0x0000000100000000)
  eden space 7168K, 0% used [0x00000000eab00000,0x00000000eab00000,0x00000000eb200000)
  from space 1536K, 87% used [0x00000000eb200000,0x00000000eb34f1e8,0x00000000eb380000)
  to   space 5120K, 0% used [0x00000000eb900000,0x00000000eb900000,0x00000000ebe00000)
 ParOldGen       total 114176K, used 105625K [0x00000000c0000000, 0x00000000c6f80000, 0x00000000eab00000)
  object space 114176K, 92% used [0x00000000c0000000,0x00000000c6726588,0x00000000c6f80000)
 Metaspace       used 79632K, committed 80960K, reserved 1179648K
  class space    used 8454K, committed 9088K, reserved 1048576K
}
Event: 8060.296 GC heap before
{Heap before GC invocations=385 (full 16):
 PSYoungGen      total 8704K, used 1340K [0x00000000eab00000, 0x00000000ebe00000, 0x0000000100000000)
  eden space 7168K, 0% used [0x00000000eab00000,0x00000000eab00000,0x00000000eb200000)
  from space 1536K, 87% used [0x00000000eb200000,0x00000000eb34f1e8,0x00000000eb380000)
  to   space 5120K, 0% used [0x00000000eb900000,0x00000000eb900000,0x00000000ebe00000)
 ParOldGen       total 114176K, used 105625K [0x00000000c0000000, 0x00000000c6f80000, 0x00000000eab00000)
  object space 114176K, 92% used [0x00000000c0000000,0x00000000c6726588,0x00000000c6f80000)
 Metaspace       used 79632K, committed 80960K, reserved 1179648K
  class space    used 8454K, committed 9088K, reserved 1048576K
}
Event: 8060.403 GC heap after
{Heap after GC invocations=385 (full 16):
 PSYoungGen      total 12288K, used 0K [0x00000000eab00000, 0x00000000ebd00000, 0x0000000100000000)
  eden space 8192K, 0% used [0x00000000eab00000,0x00000000eab00000,0x00000000eb300000)
  from space 4096K, 0% used [0x00000000eb900000,0x00000000eb900000,0x00000000ebd00000)
  to   space 5120K, 0% used [0x00000000eb300000,0x00000000eb300000,0x00000000eb800000)
 ParOldGen       total 140800K, used 93346K [0x00000000c0000000, 0x00000000c8980000, 0x00000000eab00000)
  object space 140800K, 66% used [0x00000000c0000000,0x00000000c5b28a98,0x00000000c8980000)
 Metaspace       used 79632K, committed 80960K, reserved 1179648K
  class space    used 8454K, committed 9088K, reserved 1048576K
}
Event: 8060.503 GC heap before
{Heap before GC invocations=386 (full 16):
 PSYoungGen      total 12288K, used 8192K [0x00000000eab00000, 0x00000000ebd00000, 0x0000000100000000)
  eden space 8192K, 100% used [0x00000000eab00000,0x00000000eb300000,0x00000000eb300000)
  from space 4096K, 0% used [0x00000000eb900000,0x00000000eb900000,0x00000000ebd00000)
  to   space 5120K, 0% used [0x00000000eb300000,0x00000000eb300000,0x00000000eb800000)
 ParOldGen       total 140800K, used 93346K [0x00000000c0000000, 0x00000000c8980000, 0x00000000eab00000)
  object space 140800K, 66% used [0x00000000c0000000,0x00000000c5b28a98,0x00000000c8980000)
 Metaspace       used 79806K, committed 81088K, reserved 1179648K
  class space    used 8485K, committed 9088K, reserved 1048576K
}
Event: 8060.505 GC heap after
{Heap after GC invocations=386 (full 16):
 PSYoungGen      total 10240K, used 1729K [0x00000000eab00000, 0x00000000eb980000, 0x0000000100000000)
  eden space 8192K, 0% used [0x00000000eab00000,0x00000000eab00000,0x00000000eb300000)
  from space 2048K, 84% used [0x00000000eb300000,0x00000000eb4b0458,0x00000000eb500000)
  to   space 2560K, 0% used [0x00000000eb700000,0x00000000eb700000,0x00000000eb980000)
 ParOldGen       total 140800K, used 93354K [0x00000000c0000000, 0x00000000c8980000, 0x00000000eab00000)
  object space 140800K, 66% used [0x00000000c0000000,0x00000000c5b2aa98,0x00000000c8980000)
 Metaspace       used 79806K, committed 81088K, reserved 1179648K
  class space    used 8485K, committed 9088K, reserved 1048576K
}
Event: 8060.630 GC heap before
{Heap before GC invocations=387 (full 16):
 PSYoungGen      total 10240K, used 9921K [0x00000000eab00000, 0x00000000eb980000, 0x0000000100000000)
  eden space 8192K, 100% used [0x00000000eab00000,0x00000000eb300000,0x00000000eb300000)
  from space 2048K, 84% used [0x00000000eb300000,0x00000000eb4b0458,0x00000000eb500000)
  to   space 2560K, 0% used [0x00000000eb700000,0x00000000eb700000,0x00000000eb980000)
 ParOldGen       total 140800K, used 93354K [0x00000000c0000000, 0x00000000c8980000, 0x00000000eab00000)
  object space 140800K, 66% used [0x00000000c0000000,0x00000000c5b2aa98,0x00000000c8980000)
 Metaspace       used 79912K, committed 81216K, reserved 1179648K
  class space    used 8490K, committed 9088K, reserved 1048576K
}
Event: 8060.633 GC heap after
{Heap after GC invocations=387 (full 16):
 PSYoungGen      total 11776K, used 2559K [0x00000000eab00000, 0x00000000eba00000, 0x0000000100000000)
  eden space 9216K, 0% used [0x00000000eab00000,0x00000000eab00000,0x00000000eb400000)
  from space 2560K, 99% used [0x00000000eb700000,0x00000000eb97fcc0,0x00000000eb980000)
  to   space 3072K, 0% used [0x00000000eb400000,0x00000000eb400000,0x00000000eb700000)
 ParOldGen       total 140800K, used 93458K [0x00000000c0000000, 0x00000000c8980000, 0x00000000eab00000)
  object space 140800K, 66% used [0x00000000c0000000,0x00000000c5b44a98,0x00000000c8980000)
 Metaspace       used 79912K, committed 81216K, reserved 1179648K
  class space    used 8490K, committed 9088K, reserved 1048576K
}
Event: 8060.675 GC heap before
{Heap before GC invocations=388 (full 16):
 PSYoungGen      total 11776K, used 11775K [0x00000000eab00000, 0x00000000eba00000, 0x0000000100000000)
  eden space 9216K, 100% used [0x00000000eab00000,0x00000000eb400000,0x00000000eb400000)
  from space 2560K, 99% used [0x00000000eb700000,0x00000000eb97fcc0,0x00000000eb980000)
  to   space 3072K, 0% used [0x00000000eb400000,0x00000000eb400000,0x00000000eb700000)
 ParOldGen       total 140800K, used 93458K [0x00000000c0000000, 0x00000000c8980000, 0x00000000eab00000)
  object space 140800K, 66% used [0x00000000c0000000,0x00000000c5b44a98,0x00000000c8980000)
 Metaspace       used 79912K, committed 81216K, reserved 1179648K
  class space    used 8490K, committed 9088K, reserved 1048576K
}
Event: 8060.679 GC heap after
{Heap after GC invocations=388 (full 16):
 PSYoungGen      total 12288K, used 3067K [0x00000000eab00000, 0x00000000ec000000, 0x0000000100000000)
  eden space 9216K, 0% used [0x00000000eab00000,0x00000000eab00000,0x00000000eb400000)
  from space 3072K, 99% used [0x00000000eb400000,0x00000000eb6fed68,0x00000000eb700000)
  to   space 5632K, 0% used [0x00000000eba80000,0x00000000eba80000,0x00000000ec000000)
 ParOldGen       total 140800K, used 95189K [0x00000000c0000000, 0x00000000c8980000, 0x00000000eab00000)
  object space 140800K, 67% used [0x00000000c0000000,0x00000000c5cf5648,0x00000000c8980000)
 Metaspace       used 79912K, committed 81216K, reserved 1179648K
  class space    used 8490K, committed 9088K, reserved 1048576K
}
Event: 8060.733 GC heap before
{Heap before GC invocations=389 (full 16):
 PSYoungGen      total 12288K, used 12283K [0x00000000eab00000, 0x00000000ec000000, 0x0000000100000000)
  eden space 9216K, 100% used [0x00000000eab00000,0x00000000eb400000,0x00000000eb400000)
  from space 3072K, 99% used [0x00000000eb400000,0x00000000eb6fed68,0x00000000eb700000)
  to   space 5632K, 0% used [0x00000000eba80000,0x00000000eba80000,0x00000000ec000000)
 ParOldGen       total 140800K, used 95189K [0x00000000c0000000, 0x00000000c8980000, 0x00000000eab00000)
  object space 140800K, 67% used [0x00000000c0000000,0x00000000c5cf5648,0x00000000c8980000)
 Metaspace       used 79912K, committed 81216K, reserved 1179648K
  class space    used 8490K, committed 9088K, reserved 1048576K
}
Event: 8060.738 GC heap after
{Heap after GC invocations=389 (full 16):
 PSYoungGen      total 12800K, used 2194K [0x00000000eab00000, 0x00000000ebd00000, 0x0000000100000000)
  eden space 10240K, 0% used [0x00000000eab00000,0x00000000eab00000,0x00000000eb500000)
  from space 2560K, 85% used [0x00000000eba80000,0x00000000ebca4be8,0x00000000ebd00000)
  to   space 3584K, 0% used [0x00000000eb600000,0x00000000eb600000,0x00000000eb980000)
 ParOldGen       total 140800K, used 98077K [0x00000000c0000000, 0x00000000c8980000, 0x00000000eab00000)
  object space 140800K, 69% used [0x00000000c0000000,0x00000000c5fc7670,0x00000000c8980000)
 Metaspace       used 79912K, committed 81216K, reserved 1179648K
  class space    used 8490K, committed 9088K, reserved 1048576K
}
Event: 8060.787 GC heap before
{Heap before GC invocations=390 (full 16):
 PSYoungGen      total 12800K, used 12434K [0x00000000eab00000, 0x00000000ebd00000, 0x0000000100000000)
  eden space 10240K, 100% used [0x00000000eab00000,0x00000000eb500000,0x00000000eb500000)
  from space 2560K, 85% used [0x00000000eba80000,0x00000000ebca4be8,0x00000000ebd00000)
  to   space 3584K, 0% used [0x00000000eb600000,0x00000000eb600000,0x00000000eb980000)
 ParOldGen       total 140800K, used 98077K [0x00000000c0000000, 0x00000000c8980000, 0x00000000eab00000)
  object space 140800K, 69% used [0x00000000c0000000,0x00000000c5fc7670,0x00000000c8980000)
 Metaspace       used 79912K, committed 81216K, reserved 1179648K
  class space    used 8490K, committed 9088K, reserved 1048576K
}
Event: 8060.789 GC heap after
{Heap after GC invocations=390 (full 16):
 PSYoungGen      total 14848K, used 3574K [0x00000000eab00000, 0x00000000ebf00000, 0x0000000100000000)
  eden space 11264K, 0% used [0x00000000eab00000,0x00000000eab00000,0x00000000eb600000)
  from space 3584K, 99% used [0x00000000eb600000,0x00000000eb97d820,0x00000000eb980000)
  to   space 4608K, 0% used [0x00000000eba80000,0x00000000eba80000,0x00000000ebf00000)
 ParOldGen       total 140800K, used 98709K [0x00000000c0000000, 0x00000000c8980000, 0x00000000eab00000)
  object space 140800K, 70% used [0x00000000c0000000,0x00000000c6065670,0x00000000c8980000)
 Metaspace       used 79912K, committed 81216K, reserved 1179648K
  class space    used 8490K, committed 9088K, reserved 1048576K
}
Event: 8060.839 GC heap before
{Heap before GC invocations=391 (full 16):
 PSYoungGen      total 14848K, used 14838K [0x00000000eab00000, 0x00000000ebf00000, 0x0000000100000000)
  eden space 11264K, 100% used [0x00000000eab00000,0x00000000eb600000,0x00000000eb600000)
  from space 3584K, 99% used [0x00000000eb600000,0x00000000eb97d820,0x00000000eb980000)
  to   space 4608K, 0% used [0x00000000eba80000,0x00000000eba80000,0x00000000ebf00000)
 ParOldGen       total 140800K, used 98709K [0x00000000c0000000, 0x00000000c8980000, 0x00000000eab00000)
  object space 140800K, 70% used [0x00000000c0000000,0x00000000c6065670,0x00000000c8980000)
 Metaspace       used 79912K, committed 81216K, reserved 1179648K
  class space    used 8490K, committed 9088K, reserved 1048576K
}
Event: 8060.843 GC heap after
{Heap after GC invocations=391 (full 16):
 PSYoungGen      total 15872K, used 2659K [0x00000000eab00000, 0x00000000ebe00000, 0x0000000100000000)
  eden space 12288K, 0% used [0x00000000eab00000,0x00000000eab00000,0x00000000eb700000)
  from space 3584K, 74% used [0x00000000eba80000,0x00000000ebd18e40,0x00000000ebe00000)
  to   space 3584K, 0% used [0x00000000eb700000,0x00000000eb700000,0x00000000eba80000)
 ParOldGen       total 140800K, used 102152K [0x00000000c0000000, 0x00000000c8980000, 0x00000000eab00000)
  object space 140800K, 72% used [0x00000000c0000000,0x00000000c63c2130,0x00000000c8980000)
 Metaspace       used 79912K, committed 81216K, reserved 1179648K
  class space    used 8490K, committed 9088K, reserved 1048576K
}
Event: 8060.920 GC heap before
{Heap before GC invocations=392 (full 16):
 PSYoungGen      total 15872K, used 14947K [0x00000000eab00000, 0x00000000ebe00000, 0x0000000100000000)
  eden space 12288K, 100% used [0x00000000eab00000,0x00000000eb700000,0x00000000eb700000)
  from space 3584K, 74% used [0x00000000eba80000,0x00000000ebd18e40,0x00000000ebe00000)
  to   space 3584K, 0% used [0x00000000eb700000,0x00000000eb700000,0x00000000eba80000)
 ParOldGen       total 140800K, used 102152K [0x00000000c0000000, 0x00000000c8980000, 0x00000000eab00000)
  object space 140800K, 72% used [0x00000000c0000000,0x00000000c63c2130,0x00000000c8980000)
 Metaspace       used 79912K, committed 81216K, reserved 1179648K
  class space    used 8490K, committed 9088K, reserved 1048576K
}
Event: 8060.924 GC heap after
{Heap after GC invocations=392 (full 16):
 PSYoungGen      total 15872K, used 3558K [0x00000000eab00000, 0x00000000ec400000, 0x0000000100000000)
  eden space 12288K, 0% used [0x00000000eab00000,0x00000000eab00000,0x00000000eb700000)
  from space 3584K, 99% used [0x00000000eb700000,0x00000000eba79a90,0x00000000eba80000)
  to   space 6144K, 0% used [0x00000000ebe00000,0x00000000ebe00000,0x00000000ec400000)
 ParOldGen       total 140800K, used 104108K [0x00000000c0000000, 0x00000000c8980000, 0x00000000eab00000)
  object space 140800K, 73% used [0x00000000c0000000,0x00000000c65ab378,0x00000000c8980000)
 Metaspace       used 79912K, committed 81216K, reserved 1179648K
  class space    used 8490K, committed 9088K, reserved 1048576K
}
Event: 8060.993 GC heap before
{Heap before GC invocations=393 (full 16):
 PSYoungGen      total 15872K, used 15846K [0x00000000eab00000, 0x00000000ec400000, 0x0000000100000000)
  eden space 12288K, 100% used [0x00000000eab00000,0x00000000eb700000,0x00000000eb700000)
  from space 3584K, 99% used [0x00000000eb700000,0x00000000eba79a90,0x00000000eba80000)
  to   space 6144K, 0% used [0x00000000ebe00000,0x00000000ebe00000,0x00000000ec400000)
 ParOldGen       total 140800K, used 104108K [0x00000000c0000000, 0x00000000c8980000, 0x00000000eab00000)
  object space 140800K, 73% used [0x00000000c0000000,0x00000000c65ab378,0x00000000c8980000)
 Metaspace       used 79912K, committed 81216K, reserved 1179648K
  class space    used 8490K, committed 9088K, reserved 1048576K
}
Event: 8060.998 GC heap after
{Heap after GC invocations=393 (full 16):
 PSYoungGen      total 16384K, used 2916K [0x00000000eab00000, 0x00000000ec100000, 0x0000000100000000)
  eden space 13312K, 0% used [0x00000000eab00000,0x00000000eab00000,0x00000000eb800000)
  from space 3072K, 94% used [0x00000000ebe00000,0x00000000ec0d93f0,0x00000000ec100000)
  to   space 4096K, 0% used [0x00000000eb900000,0x00000000eb900000,0x00000000ebd00000)
 ParOldGen       total 140800K, used 107455K [0x00000000c0000000, 0x00000000c8980000, 0x00000000eab00000)
  object space 140800K, 76% used [0x00000000c0000000,0x00000000c68efd58,0x00000000c8980000)
 Metaspace       used 79912K, committed 81216K, reserved 1179648K
  class space    used 8490K, committed 9088K, reserved 1048576K
}

Dll operation events (14 events):
Event: 0.011 Loaded shared library c:\Users\Administrator\.vscode\extensions\redhat.java-1.35.1-win32-x64\jre\17.0.12-win32-x86_64\bin\java.dll
Event: 0.316 Loaded shared library c:\Users\Administrator\.vscode\extensions\redhat.java-1.35.1-win32-x64\jre\17.0.12-win32-x86_64\bin\zip.dll
Event: 0.321 Loaded shared library C:\Users\Administrator\.vscode\extensions\redhat.java-1.35.1-win32-x64\jre\17.0.12-win32-x86_64\bin\instrument.dll
Event: 0.340 Loaded shared library C:\Users\Administrator\.vscode\extensions\redhat.java-1.35.1-win32-x64\jre\17.0.12-win32-x86_64\bin\net.dll
Event: 0.341 Loaded shared library C:\Users\Administrator\.vscode\extensions\redhat.java-1.35.1-win32-x64\jre\17.0.12-win32-x86_64\bin\nio.dll
Event: 0.348 Loaded shared library C:\Users\Administrator\.vscode\extensions\redhat.java-1.35.1-win32-x64\jre\17.0.12-win32-x86_64\bin\zip.dll
Event: 0.381 Loaded shared library C:\Users\Administrator\.vscode\extensions\redhat.java-1.35.1-win32-x64\jre\17.0.12-win32-x86_64\bin\jimage.dll
Event: 0.469 Loaded shared library c:\Users\Administrator\.vscode\extensions\redhat.java-1.35.1-win32-x64\jre\17.0.12-win32-x86_64\bin\verify.dll
Event: 2.091 Loaded shared library C:\Users\Administrator\AppData\Roaming\Code\User\globalStorage\redhat.java\1.35.1\config_win\org.eclipse.equinox.launcher\org.eclipse.equinox.launcher.win32.win32.x86_64_1.2.1100.v20240722-2106\eclipse_11904.dll
Event: 3.444 Loaded shared library C:\Users\Administrator\.vscode\extensions\redhat.java-1.35.1-win32-x64\jre\17.0.12-win32-x86_64\bin\management.dll
Event: 3.447 Loaded shared library C:\Users\Administrator\.vscode\extensions\redhat.java-1.35.1-win32-x64\jre\17.0.12-win32-x86_64\bin\management_ext.dll
Event: 5.188 Loaded shared library C:\Users\Administrator\AppData\Local\Temp\jna-146731693\jna2334967267971577584.dll
Event: 7.807 Loaded shared library C:\Users\Administrator\.vscode\extensions\redhat.java-1.35.1-win32-x64\jre\17.0.12-win32-x86_64\bin\sunmscapi.dll
Event: 8.257 Loaded shared library C:\Users\Administrator\.vscode\extensions\redhat.java-1.35.1-win32-x64\jre\17.0.12-win32-x86_64\bin\extnet.dll

Deoptimization events (20 events):
Event: 8060.580 Thread 0x000001de44781c00 Uncommon trap: trap_request=0xffffffde fr.pc=0x000001de33062368 relative=0x0000000000000068
Event: 8060.580 Thread 0x000001de44781c00 Uncommon trap: reason=class_check action=maybe_recompile pc=0x000001de33062368 method=java.util.LinkedHashMap.afterNodeInsertion(Z)V @ 15 c2
Event: 8060.580 Thread 0x000001de44781c00 DEOPT PACKING pc=0x000001de33062368 sp=0x000000abeccfe810
Event: 8060.580 Thread 0x000001de44781c00 DEOPT UNPACKING pc=0x000001de32729ea3 sp=0x000000abeccfe788 mode 2
Event: 8060.629 Thread 0x000001de43516200 DEOPT PACKING pc=0x000001de2c4df751 sp=0x000000abed0fe7a0
Event: 8060.629 Thread 0x000001de43516200 DEOPT UNPACKING pc=0x000001de3272a9e3 sp=0x000000abed0fdd30 mode 0
Event: 8060.635 Thread 0x000001de43516200 DEOPT PACKING pc=0x000001de2bc2d0e7 sp=0x000000abed0fe8f0
Event: 8060.635 Thread 0x000001de43516200 DEOPT UNPACKING pc=0x000001de3272a9e3 sp=0x000000abed0fddf8 mode 0
Event: 8060.644 Thread 0x000001de43516200 DEOPT PACKING pc=0x000001de2bc2d0e7 sp=0x000000abed0fe8f0
Event: 8060.645 Thread 0x000001de43516200 DEOPT UNPACKING pc=0x000001de3272a9e3 sp=0x000000abed0fddf8 mode 0
Event: 8060.645 Thread 0x000001de43516200 DEOPT PACKING pc=0x000001de2c582188 sp=0x000000abed0fe930
Event: 8060.645 Thread 0x000001de43516200 DEOPT UNPACKING pc=0x000001de3272a9e3 sp=0x000000abed0fdd98 mode 0
Event: 8060.687 Thread 0x000001de43516200 DEOPT PACKING pc=0x000001de2c473313 sp=0x000000abed0fe8d0
Event: 8060.687 Thread 0x000001de43516200 DEOPT UNPACKING pc=0x000001de3272a9e3 sp=0x000000abed0fdec8 mode 0
Event: 8060.793 Thread 0x000001de43516200 DEOPT PACKING pc=0x000001de2c473110 sp=0x000000abed0fe8d0
Event: 8060.793 Thread 0x000001de43516200 DEOPT UNPACKING pc=0x000001de3272a9e3 sp=0x000000abed0fdec8 mode 0
Event: 8060.916 Thread 0x000001de43516200 DEOPT PACKING pc=0x000001de2c473110 sp=0x000000abed0fe920
Event: 8060.916 Thread 0x000001de43516200 DEOPT UNPACKING pc=0x000001de3272a9e3 sp=0x000000abed0fdf18 mode 0
Event: 8060.950 Thread 0x000001de43516200 DEOPT PACKING pc=0x000001de2c4df751 sp=0x000000abed0fe750
Event: 8060.950 Thread 0x000001de43516200 DEOPT UNPACKING pc=0x000001de3272a9e3 sp=0x000000abed0fdce0 mode 0

Classes loaded (20 events):
Event: 8058.858 Loading class java/nio/file/Files$2
Event: 8058.858 Loading class java/nio/file/Files$2 done
Event: 8058.929 Loading class java/util/regex/Pattern$1
Event: 8058.930 Loading class java/util/regex/Pattern$1 done
Event: 8059.127 Loading class java/lang/invoke/BoundMethodHandle$Species_LLLLLLLLLL
Event: 8059.146 Loading class java/lang/invoke/BoundMethodHandle$Species_LLLLLLLLLL done
Event: 8059.150 Loading class java/lang/invoke/BoundMethodHandle$Species_LLLLLLLLLLL
Event: 8059.150 Loading class java/lang/invoke/BoundMethodHandle$Species_LLLLLLLLLLL done
Event: 8059.173 Loading class java/lang/invoke/BoundMethodHandle$Species_LLLLLLLLLLLL
Event: 8059.175 Loading class java/lang/invoke/BoundMethodHandle$Species_LLLLLLLLLLLL done
Event: 8059.177 Loading class java/lang/invoke/BoundMethodHandle$Species_LLLLLLLLLLLLL
Event: 8059.177 Loading class java/lang/invoke/BoundMethodHandle$Species_LLLLLLLLLLLLL done
Event: 8059.225 Loading class jdk/internal/event/SecurityPropertyModificationEvent
Event: 8059.227 Loading class jdk/internal/event/SecurityPropertyModificationEvent done
Event: 8059.381 Loading class java/util/zip/CheckedInputStream
Event: 8059.385 Loading class java/util/zip/CheckedInputStream done
Event: 8059.639 Loading class java/util/zip/GZIPInputStream$1
Event: 8059.639 Loading class java/util/zip/GZIPInputStream$1 done
Event: 8059.754 Loading class jdk/internal/ref/CleanerImpl$InnocuousThreadFactory
Event: 8059.757 Loading class jdk/internal/ref/CleanerImpl$InnocuousThreadFactory done

Classes unloaded (20 events):
Event: 8058.492 Thread 0x000001de3c3997b0 Unloading class 0x0000000100225800 'java/lang/invoke/LambdaForm$MH+0x0000000100225800'
Event: 8058.492 Thread 0x000001de3c3997b0 Unloading class 0x0000000100225400 'java/lang/invoke/LambdaForm$MH+0x0000000100225400'
Event: 8058.492 Thread 0x000001de3c3997b0 Unloading class 0x0000000100225000 'java/lang/invoke/LambdaForm$MH+0x0000000100225000'
Event: 8058.492 Thread 0x000001de3c3997b0 Unloading class 0x0000000100220c00 'jdk/internal/reflect/GeneratedConstructorAccessor4'
Event: 8058.492 Thread 0x000001de3c3997b0 Unloading class 0x0000000100218c00 'java/lang/invoke/LambdaForm$MH+0x0000000100218c00'
Event: 8058.492 Thread 0x000001de3c3997b0 Unloading class 0x0000000100218800 'java/lang/invoke/LambdaForm$MH+0x0000000100218800'
Event: 8058.492 Thread 0x000001de3c3997b0 Unloading class 0x0000000100218000 'java/lang/invoke/LambdaForm$MH+0x0000000100218000'
Event: 8058.492 Thread 0x000001de3c3997b0 Unloading class 0x00000001001b5c00 'java/lang/invoke/LambdaForm$MH+0x00000001001b5c00'
Event: 8058.492 Thread 0x000001de3c3997b0 Unloading class 0x00000001001b5800 'java/lang/invoke/LambdaForm$MH+0x00000001001b5800'
Event: 8058.492 Thread 0x000001de3c3997b0 Unloading class 0x00000001001b5400 'java/lang/invoke/LambdaForm$MH+0x00000001001b5400'
Event: 8058.492 Thread 0x000001de3c3997b0 Unloading class 0x00000001001b5000 'java/lang/invoke/LambdaForm$MH+0x00000001001b5000'
Event: 8058.492 Thread 0x000001de3c3997b0 Unloading class 0x00000001001b4c00 'java/lang/invoke/LambdaForm$MH+0x00000001001b4c00'
Event: 8058.492 Thread 0x000001de3c3997b0 Unloading class 0x00000001001b4800 'java/lang/invoke/LambdaForm$MH+0x00000001001b4800'
Event: 8058.492 Thread 0x000001de3c3997b0 Unloading class 0x00000001001b4400 'java/lang/invoke/LambdaForm$MH+0x00000001001b4400'
Event: 8058.492 Thread 0x000001de3c3997b0 Unloading class 0x00000001001b4000 'java/lang/invoke/LambdaForm$MH+0x00000001001b4000'
Event: 8058.492 Thread 0x000001de3c3997b0 Unloading class 0x0000000100129000 'jdk/internal/reflect/GeneratedMethodAccessor5'
Event: 8058.493 Thread 0x000001de3c3997b0 Unloading class 0x0000000100128c00 'jdk/internal/reflect/GeneratedMethodAccessor4'
Event: 8058.493 Thread 0x000001de3c3997b0 Unloading class 0x0000000100128800 'jdk/internal/reflect/GeneratedMethodAccessor3'
Event: 8058.493 Thread 0x000001de3c3997b0 Unloading class 0x0000000100128400 'jdk/internal/reflect/GeneratedMethodAccessor2'
Event: 8058.493 Thread 0x000001de3c3997b0 Unloading class 0x0000000100128000 'jdk/internal/reflect/GeneratedMethodAccessor1'

Classes redefined (0 events):
No events

Internal exceptions (20 events):
Event: 8055.635 Thread 0x000001de4378bed0 Exception <a 'sun/nio/fs/WindowsException'{0x00000000eaeb0990}> (0x00000000eaeb0990) 
thrown [s\src\hotspot\share\prims\jni.cpp, line 516]
Event: 8055.635 Thread 0x000001de4378bed0 Exception <a 'sun/nio/fs/WindowsException'{0x00000000eaeb1a28}> (0x00000000eaeb1a28) 
thrown [s\src\hotspot\share\prims\jni.cpp, line 516]
Event: 8055.806 Thread 0x000001de4378bed0 Exception <a 'sun/nio/fs/WindowsException'{0x00000000eaf1b8f8}> (0x00000000eaf1b8f8) 
thrown [s\src\hotspot\share\prims\jni.cpp, line 516]
Event: 8055.852 Thread 0x000001de4378bed0 Exception <a 'sun/nio/fs/WindowsException'{0x00000000eaf2f860}> (0x00000000eaf2f860) 
thrown [s\src\hotspot\share\prims\jni.cpp, line 516]
Event: 8056.386 Thread 0x000001de4378bed0 Exception <a 'java/lang/NoSuchMethodError'{0x00000000eac3bd88}: 'java.lang.Object java.lang.invoke.Invokers$Holder.invoke_MT(java.lang.Object, java.lang.Object, java.lang.Object)'> (0x00000000eac3bd88) 
thrown [s\src\hotspot\share\interpreter\linkResolver.cpp, line 759]
Event: 8057.376 Thread 0x000001de4378bed0 Exception <a 'sun/nio/fs/WindowsException'{0x00000000eb48a908}> (0x00000000eb48a908) 
thrown [s\src\hotspot\share\prims\jni.cpp, line 516]
Event: 8057.379 Thread 0x000001de4378bed0 Exception <a 'sun/nio/fs/WindowsException'{0x00000000eb4a13a8}> (0x00000000eb4a13a8) 
thrown [s\src\hotspot\share\prims\jni.cpp, line 516]
Event: 8057.556 Thread 0x000001de4378bed0 Exception <a 'java/lang/IncompatibleClassChangeError'{0x00000000ebaaa0b0}: Found class java.lang.Object, but interface was expected> (0x00000000ebaaa0b0) 
thrown [s\src\hotspot\share\interpreter\linkResolver.cpp, line 826]
Event: 8057.630 Thread 0x000001de4378bed0 Exception <a 'java/lang/NoSuchMethodError'{0x00000000eab7b4e0}: 'int java.lang.invoke.DirectMethodHandle$Holder.invokeStatic(java.lang.Object, java.lang.Object, java.lang.Object, int)'> (0x00000000eab7b4e0) 
thrown [s\src\hotspot\share\interpreter\linkResolver.cpp, line 759]
Event: 8058.035 Thread 0x000001de4477fda0 Exception <a 'java/lang/NoSuchMethodError'{0x00000000eb4978e0}: 'java.lang.Object java.lang.invoke.DirectMethodHandle$Holder.invokeSpecial(java.lang.Object, java.lang.Object, int, long)'> (0x00000000eb4978e0) 
thrown [s\src\hotspot\share\interpreter\linkResolver.cpp, line 759]
Event: 8058.418 Thread 0x000001de43516200 Exception <a 'sun/nio/fs/WindowsException'{0x00000000eaf89ee8}> (0x00000000eaf89ee8) 
thrown [s\src\hotspot\share\prims\jni.cpp, line 516]
Event: 8058.781 Thread 0x000001de44783040 Implicit null exception at 0x000001de32eef405 to 0x000001de32eef7f0
Event: 8058.785 Thread 0x000001de44780cd0 Implicit null exception at 0x000001de32e73bac to 0x000001de32e73c0c
Event: 8058.917 Thread 0x000001de4378bed0 Exception <a 'java/lang/ClassNotFoundException'{0x00000000eb5066f0}: sun/util/logging/resources/spi/loggingProvider> (0x00000000eb5066f0) 
thrown [s\src\hotspot\share\classfile\systemDictionary.cpp, line 256]
Event: 8058.931 Thread 0x000001de44783a60 Exception <a 'java/lang/ArrayIndexOutOfBoundsException'{0x00000000eb660110}> (0x00000000eb660110) 
thrown [s\src\hotspot\share\runtime\sharedRuntime.cpp, line 631]
Event: 8059.144 Thread 0x000001de4477fda0 Exception <a 'sun/nio/fs/WindowsException'{0x00000000eae80ec8}> (0x00000000eae80ec8) 
thrown [s\src\hotspot\share\prims\jni.cpp, line 516]
Event: 8059.144 Thread 0x000001de4477fda0 Exception <a 'sun/nio/fs/WindowsException'{0x00000000eae81800}> (0x00000000eae81800) 
thrown [s\src\hotspot\share\prims\jni.cpp, line 516]
Event: 8060.277 Thread 0x000001de44784990 Exception <a 'java/lang/NoSuchMethodError'{0x00000000eb124d00}: 'java.lang.Object java.lang.invoke.DirectMethodHandle$Holder.invokeStatic(java.lang.Object, int, java.lang.Object, java.lang.Object, java.lang.Object, java.lang.Object)'> (0x00000000eb124d00) 
thrown [s\src\hotspot\share\interpreter\linkResolver.cpp, line 759]
Event: 8060.279 Thread 0x000001de44784990 Exception <a 'java/lang/NoSuchMethodError'{0x00000000eb161c90}: 'java.lang.Object java.lang.invoke.DirectMethodHandle$Holder.newInvokeSpecial(java.lang.Object, int, java.lang.Object, java.lang.Object, java.lang.Object)'> (0x00000000eb161c90) 
thrown [s\src\hotspot\share\interpreter\linkResolver.cpp, line 759]
Event: 8060.558 Thread 0x000001de43516200 Implicit null exception at 0x000001de330f942c to 0x000001de330f951c

VM Operations (20 events):
Event: 8060.206 Executing VM operation: ParallelGCFailedAllocation
Event: 8060.217 Executing VM operation: ParallelGCFailedAllocation done
Event: 8060.286 Executing VM operation: ParallelGCFailedAllocation
Event: 8060.408 Executing VM operation: ParallelGCFailedAllocation done
Event: 8060.494 Executing VM operation: ParallelGCFailedAllocation
Event: 8060.521 Executing VM operation: ParallelGCFailedAllocation done
Event: 8060.630 Executing VM operation: ParallelGCFailedAllocation
Event: 8060.633 Executing VM operation: ParallelGCFailedAllocation done
Event: 8060.675 Executing VM operation: ParallelGCFailedAllocation
Event: 8060.679 Executing VM operation: ParallelGCFailedAllocation done
Event: 8060.733 Executing VM operation: ParallelGCFailedAllocation
Event: 8060.738 Executing VM operation: ParallelGCFailedAllocation done
Event: 8060.787 Executing VM operation: ParallelGCFailedAllocation
Event: 8060.789 Executing VM operation: ParallelGCFailedAllocation done
Event: 8060.839 Executing VM operation: ParallelGCFailedAllocation
Event: 8060.843 Executing VM operation: ParallelGCFailedAllocation done
Event: 8060.920 Executing VM operation: ParallelGCFailedAllocation
Event: 8060.924 Executing VM operation: ParallelGCFailedAllocation done
Event: 8060.993 Executing VM operation: ParallelGCFailedAllocation
Event: 8060.998 Executing VM operation: ParallelGCFailedAllocation done

Events (20 events):
Event: 8056.476 Thread 0x000001de442d8640 Thread added: 0x000001de442d8640
Event: 8058.190 Thread 0x000001de44783040 Thread added: 0x000001de44783040
Event: 8058.192 Thread 0x000001de4477f890 Thread added: 0x000001de4477f890
Event: 8058.194 Thread 0x000001de4477f890 Thread exited: 0x000001de4477f890
Event: 8058.215 Thread 0x000001de44781c00 Thread added: 0x000001de44781c00
Event: 8058.217 Thread 0x000001de44784990 Thread added: 0x000001de44784990
Event: 8058.261 Thread 0x000001de44780cd0 Thread added: 0x000001de44780cd0
Event: 8058.262 Thread 0x000001de447816f0 Thread added: 0x000001de447816f0
Event: 8058.266 Thread 0x000001de44783a60 Thread added: 0x000001de44783a60
Event: 8058.268 Thread 0x000001de44783550 Thread added: 0x000001de44783550
Event: 8058.419 Thread 0x000001de44784ea0 Thread added: 0x000001de44784ea0
Event: 8058.420 Thread 0x000001de4477f380 Thread added: 0x000001de4477f380
Event: 8058.809 Thread 0x000001de44783f70 Thread added: 0x000001de44783f70
Event: 8058.864 Thread 0x000001de447811e0 Thread added: 0x000001de447811e0
Event: 8059.149 Thread 0x000001de4172df10 flushing nmethod 0x000001de3326c010
Event: 8059.150 Thread 0x000001de4172df10 flushing nmethod 0x000001de2b230f90
Event: 8059.172 Thread 0x000001de4172df10 flushing nmethod 0x000001de2c0f8e10
Event: 8059.231 Thread 0x000001de447853b0 Thread added: 0x000001de447853b0
Event: 8059.757 Thread 0x000001de447858c0 Thread added: 0x000001de447858c0
Event: 8060.090 Thread 0x000001de447853b0 Thread exited: 0x000001de447853b0


Dynamic libraries:
0x00007ff7fdaf0000 - 0x00007ff7fdafe000 	c:\Users\Administrator\.vscode\extensions\redhat.java-1.35.1-win32-x64\jre\17.0.12-win32-x86_64\bin\java.exe
0x00007ffa1a850000 - 0x00007ffa1aa48000 	C:\Windows\SYSTEM32\ntdll.dll
0x00007ffa19870000 - 0x00007ffa19932000 	C:\Windows\System32\KERNEL32.DLL
0x00007ffa181d0000 - 0x00007ffa184ce000 	C:\Windows\System32\KERNELBASE.dll
0x00007ffa184d0000 - 0x00007ffa185d0000 	C:\Windows\System32\ucrtbase.dll
0x00007ff9f35c0000 - 0x00007ff9f35d7000 	c:\Users\Administrator\.vscode\extensions\redhat.java-1.35.1-win32-x64\jre\17.0.12-win32-x86_64\bin\jli.dll
0x00007ff9d7c50000 - 0x00007ff9d7c6b000 	c:\Users\Administrator\.vscode\extensions\redhat.java-1.35.1-win32-x64\jre\17.0.12-win32-x86_64\bin\VCRUNTIME140.dll
0x00007ffa18a40000 - 0x00007ffa18bdd000 	C:\Windows\System32\USER32.dll
0x00007ffa185d0000 - 0x00007ffa185f2000 	C:\Windows\System32\win32u.dll
0x00007ffa03590000 - 0x00007ffa0382a000 	C:\Windows\WinSxS\amd64_microsoft.windows.common-controls_6595b64144ccf1df_6.0.19041.4355_none_60b8b9eb71f62e16\COMCTL32.dll
0x00007ffa19af0000 - 0x00007ffa19b8e000 	C:\Windows\System32\msvcrt.dll
0x00007ffa19a00000 - 0x00007ffa19a2b000 	C:\Windows\System32\GDI32.dll
0x00007ffa18750000 - 0x00007ffa18867000 	C:\Windows\System32\gdi32full.dll
0x00007ffa186b0000 - 0x00007ffa1874d000 	C:\Windows\System32\msvcp_win.dll
0x00007ffa194e0000 - 0x00007ffa1950f000 	C:\Windows\System32\IMM32.DLL
0x00007ff9f5e50000 - 0x00007ff9f5e5c000 	c:\Users\Administrator\.vscode\extensions\redhat.java-1.35.1-win32-x64\jre\17.0.12-win32-x86_64\bin\vcruntime140_1.dll
0x00007ff9d2cd0000 - 0x00007ff9d2d5d000 	c:\Users\Administrator\.vscode\extensions\redhat.java-1.35.1-win32-x64\jre\17.0.12-win32-x86_64\bin\msvcp140.dll
0x00007ff97b920000 - 0x00007ff97c58a000 	c:\Users\Administrator\.vscode\extensions\redhat.java-1.35.1-win32-x64\jre\17.0.12-win32-x86_64\bin\server\jvm.dll
0x00007ffa19a30000 - 0x00007ffa19ae2000 	C:\Windows\System32\ADVAPI32.dll
0x00007ffa1a1e0000 - 0x00007ffa1a280000 	C:\Windows\System32\sechost.dll
0x00007ffa19d60000 - 0x00007ffa19e83000 	C:\Windows\System32\RPCRT4.dll
0x00007ffa17ef0000 - 0x00007ffa17f17000 	C:\Windows\System32\bcrypt.dll
0x00007ffa19c20000 - 0x00007ffa19c8b000 	C:\Windows\System32\WS2_32.dll
0x00007ffa17430000 - 0x00007ffa1747b000 	C:\Windows\SYSTEM32\POWRPROF.dll
0x00007ffa10570000 - 0x00007ffa1057a000 	C:\Windows\SYSTEM32\VERSION.dll
0x00007ffa0e520000 - 0x00007ffa0e547000 	C:\Windows\SYSTEM32\WINMM.dll
0x00007ffa172f0000 - 0x00007ffa17302000 	C:\Windows\SYSTEM32\UMPDC.dll
0x00007ffa16710000 - 0x00007ffa16722000 	C:\Windows\SYSTEM32\kernel.appcore.dll
0x00007ff9f3020000 - 0x00007ff9f302a000 	c:\Users\Administrator\.vscode\extensions\redhat.java-1.35.1-win32-x64\jre\17.0.12-win32-x86_64\bin\jimage.dll
0x00007ffa15c50000 - 0x00007ffa15e34000 	C:\Windows\SYSTEM32\DBGHELP.DLL
0x00007ff9f3f30000 - 0x00007ff9f3f64000 	C:\Windows\SYSTEM32\dbgcore.DLL
0x00007ffa18140000 - 0x00007ffa181c2000 	C:\Windows\System32\bcryptPrimitives.dll
0x00007ff9f2fb0000 - 0x00007ff9f2fbe000 	c:\Users\Administrator\.vscode\extensions\redhat.java-1.35.1-win32-x64\jre\17.0.12-win32-x86_64\bin\instrument.dll
0x00007ff9d2f80000 - 0x00007ff9d2fa5000 	c:\Users\Administrator\.vscode\extensions\redhat.java-1.35.1-win32-x64\jre\17.0.12-win32-x86_64\bin\java.dll
0x00007ff9d3330000 - 0x00007ff9d3348000 	c:\Users\Administrator\.vscode\extensions\redhat.java-1.35.1-win32-x64\jre\17.0.12-win32-x86_64\bin\zip.dll
0x00007ffa18d70000 - 0x00007ffa194df000 	C:\Windows\System32\SHELL32.dll
0x00007ffa15e40000 - 0x00007ffa165e4000 	C:\Windows\SYSTEM32\windows.storage.dll
0x00007ffa19510000 - 0x00007ffa19863000 	C:\Windows\System32\combase.dll
0x00007ffa17920000 - 0x00007ffa1794e000 	C:\Windows\SYSTEM32\Wldp.dll
0x00007ffa19c90000 - 0x00007ffa19d5d000 	C:\Windows\System32\OLEAUT32.dll
0x00007ffa19e90000 - 0x00007ffa19f3d000 	C:\Windows\System32\SHCORE.dll
0x00007ffa199a0000 - 0x00007ffa199f5000 	C:\Windows\System32\shlwapi.dll
0x00007ffa17e20000 - 0x00007ffa17e44000 	C:\Windows\SYSTEM32\profapi.dll
0x00007ff9d0a10000 - 0x00007ff9d0a29000 	C:\Users\Administrator\.vscode\extensions\redhat.java-1.35.1-win32-x64\jre\17.0.12-win32-x86_64\bin\net.dll
0x00007ffa143f0000 - 0x00007ffa144fd000 	C:\Windows\SYSTEM32\WINHTTP.dll
0x00007ffa17680000 - 0x00007ffa176ea000 	C:\Windows\system32\mswsock.dll
0x00007ff9d09f0000 - 0x00007ff9d0a06000 	C:\Users\Administrator\.vscode\extensions\redhat.java-1.35.1-win32-x64\jre\17.0.12-win32-x86_64\bin\nio.dll
0x00007ff9f24c0000 - 0x00007ff9f24d0000 	c:\Users\Administrator\.vscode\extensions\redhat.java-1.35.1-win32-x64\jre\17.0.12-win32-x86_64\bin\verify.dll
0x00007ff9cf000000 - 0x00007ff9cf045000 	C:\Users\Administrator\AppData\Roaming\Code\User\globalStorage\redhat.java\1.35.1\config_win\org.eclipse.equinox.launcher\org.eclipse.equinox.launcher.win32.win32.x86_64_1.2.1100.v20240722-2106\eclipse_11904.dll
0x00007ffa18be0000 - 0x00007ffa18d0b000 	C:\Windows\System32\ole32.dll
0x00007ff9f19a0000 - 0x00007ff9f19a9000 	C:\Users\Administrator\.vscode\extensions\redhat.java-1.35.1-win32-x64\jre\17.0.12-win32-x86_64\bin\management.dll
0x00007ff9f1470000 - 0x00007ff9f147b000 	C:\Users\Administrator\.vscode\extensions\redhat.java-1.35.1-win32-x64\jre\17.0.12-win32-x86_64\bin\management_ext.dll
0x00007ffa1a790000 - 0x00007ffa1a798000 	C:\Windows\System32\PSAPI.DLL
0x00007ffa17880000 - 0x00007ffa17898000 	C:\Windows\SYSTEM32\CRYPTSP.dll
0x00007ffa16f30000 - 0x00007ffa16f64000 	C:\Windows\system32\rsaenh.dll
0x00007ffa17de0000 - 0x00007ffa17e0e000 	C:\Windows\SYSTEM32\USERENV.dll
0x00007ffa17870000 - 0x00007ffa1787c000 	C:\Windows\SYSTEM32\CRYPTBASE.dll
0x00007ffa17310000 - 0x00007ffa1734b000 	C:\Windows\SYSTEM32\IPHLPAPI.DLL
0x00007ffa1a800000 - 0x00007ffa1a808000 	C:\Windows\System32\NSI.dll
0x00007ffa11370000 - 0x00007ffa11387000 	C:\Windows\SYSTEM32\dhcpcsvc6.DLL
0x00007ffa11650000 - 0x00007ffa1166d000 	C:\Windows\SYSTEM32\dhcpcsvc.DLL
0x00007ffa17360000 - 0x00007ffa1742a000 	C:\Windows\SYSTEM32\DNSAPI.dll
0x00007ff9cb0e0000 - 0x00007ff9cb129000 	C:\Users\Administrator\AppData\Local\Temp\jna-146731693\jna2334967267971577584.dll
0x00007ff9f1240000 - 0x00007ff9f124e000 	C:\Users\Administrator\.vscode\extensions\redhat.java-1.35.1-win32-x64\jre\17.0.12-win32-x86_64\bin\sunmscapi.dll
0x00007ffa17fe0000 - 0x00007ffa1813c000 	C:\Windows\System32\CRYPT32.dll
0x00007ffa17990000 - 0x00007ffa179b7000 	C:\Windows\SYSTEM32\ncrypt.dll
0x00007ffa17950000 - 0x00007ffa1798b000 	C:\Windows\SYSTEM32\NTASN1.dll
0x00007ffa11040000 - 0x00007ffa1104a000 	C:\Windows\System32\rasadhlp.dll
0x00007ffa102d0000 - 0x00007ffa10350000 	C:\Windows\System32\fwpuclnt.dll
0x00007ff9ee590000 - 0x00007ff9ee599000 	C:\Users\Administrator\.vscode\extensions\redhat.java-1.35.1-win32-x64\jre\17.0.12-win32-x86_64\bin\extnet.dll
0x00007ffa17180000 - 0x00007ffa171b3000 	C:\Windows\SYSTEM32\ntmarta.dll

dbghelp: loaded successfully - version: 4.0.5 - missing functions: none
symbol engine: initialized successfully - sym options: 0x614 - pdb path: .;c:\Users\Administrator\.vscode\extensions\redhat.java-1.35.1-win32-x64\jre\17.0.12-win32-x86_64\bin;C:\Windows\SYSTEM32;C:\Windows\WinSxS\amd64_microsoft.windows.common-controls_6595b64144ccf1df_6.0.19041.4355_none_60b8b9eb71f62e16;c:\Users\Administrator\.vscode\extensions\redhat.java-1.35.1-win32-x64\jre\17.0.12-win32-x86_64\bin\server;C:\Users\Administrator\AppData\Roaming\Code\User\globalStorage\redhat.java\1.35.1\config_win\org.eclipse.equinox.launcher\org.eclipse.equinox.launcher.win32.win32.x86_64_1.2.1100.v20240722-2106;C:\Users\Administrator\AppData\Local\Temp\jna-146731693

VM Arguments:
jvm_args: --add-modules=ALL-SYSTEM --add-opens=java.base/java.util=ALL-UNNAMED --add-opens=java.base/java.lang=ALL-UNNAMED --add-opens=java.base/sun.nio.fs=ALL-UNNAMED -Declipse.application=org.eclipse.jdt.ls.core.id1 -Dosgi.bundles.defaultStartLevel=4 -Declipse.product=org.eclipse.jdt.ls.core.product -Djava.import.generatesMetadataFilesAtProjectRoot=false -DDetectVMInstallationsJob.disabled=true -Dfile.encoding=utf8 -XX:+UseParallelGC -XX:GCTimeRatio=4 -XX:AdaptiveSizePolicyWeight=90 -Dsun.zip.disableMemoryMapping=true -Xmx1G -Xms100m -Xlog:disable -javaagent:c:\Users\Administrator\.vscode\extensions\redhat.java-1.35.1-win32-x64\lombok\lombok-1.18.33.jar -XX:+HeapDumpOnOutOfMemoryError -XX:HeapDumpPath=c:\Users\Administrator\AppData\Roaming\Code\User\workspaceStorage\c6484d74b0b9eda4ee153595d0586b1a\redhat.java -Daether.dependencyCollector.impl=bf 
java_command: c:\Users\Administrator\.vscode\extensions\redhat.java-1.35.1-win32-x64\server\plugins\org.eclipse.equinox.launcher_1.6.900.v20240613-2009.jar -configuration c:\Users\Administrator\AppData\Roaming\Code\User\globalStorage\redhat.java\1.35.1\config_win -data c:\Users\Administrator\AppData\Roaming\Code\User\workspaceStorage\c6484d74b0b9eda4ee153595d0586b1a\redhat.java\jdt_ws --pipe=\\.\pipe\lsp-f410404b2c1c1b6a69f73d92ebb3df68-sock
java_class_path (initial): c:\Users\Administrator\.vscode\extensions\redhat.java-1.35.1-win32-x64\server\plugins\org.eclipse.equinox.launcher_1.6.900.v20240613-2009.jar
Launcher Type: SUN_STANDARD

[Global flags]
    uintx AdaptiveSizePolicyWeight                 = 90                                        {product} {command line}
     intx CICompilerCount                          = 4                                         {product} {ergonomic}
    uintx GCTimeRatio                              = 4                                         {product} {command line}
     bool HeapDumpOnOutOfMemoryError               = true                                   {manageable} {command line}
    ccstr HeapDumpPath                             = c:\Users\Administrator\AppData\Roaming\Code\User\workspaceStorage\c6484d74b0b9eda4ee153595d0586b1a\redhat.java         {manageable} {command line}
   size_t InitialHeapSize                          = 104857600                                 {product} {command line}
   size_t MaxHeapSize                              = 1073741824                                {product} {command line}
   size_t MaxNewSize                               = 357564416                                 {product} {ergonomic}
   size_t MinHeapDeltaBytes                        = 524288                                    {product} {ergonomic}
   size_t MinHeapSize                              = 104857600                                 {product} {command line}
   size_t NewSize                                  = 34603008                                  {product} {ergonomic}
    uintx NonNMethodCodeHeapSize                   = 5839372                                {pd product} {ergonomic}
    uintx NonProfiledCodeHeapSize                  = 122909434                              {pd product} {ergonomic}
   size_t OldSize                                  = 70254592                                  {product} {ergonomic}
    uintx ProfiledCodeHeapSize                     = 122909434                              {pd product} {ergonomic}
    uintx ReservedCodeCacheSize                    = 251658240                              {pd product} {ergonomic}
     bool SegmentedCodeCache                       = true                                      {product} {ergonomic}
   size_t SoftMaxHeapSize                          = 1073741824                             {manageable} {ergonomic}
     bool UseCompressedClassPointers               = true                           {product lp64_product} {ergonomic}
     bool UseCompressedOops                        = true                           {product lp64_product} {ergonomic}
     bool UseLargePagesIndividualAllocation        = false                                  {pd product} {ergonomic}
     bool UseParallelGC                            = true                                      {product} {command line}

Logging:
Log output configuration:
 #0: stdout all=off uptime,level,tags
 #1: stderr all=off uptime,level,tags

Environment Variables:
PATH=C:\Program Files\Common Files\Oracle\Java\javapath;C:\Windows\system32;C:\Windows;C:\Windows\System32\Wbem;C:\Windows\System32\WindowsPowerShell\v1.0\;C:\Windows\System32\OpenSSH\;D:\Git\cmd;C:\msys64\mingw64\bin;C:\Program Files\nodejs\;D:\apache-maven-3.9.6\bin;D:\python\Scripts;D:\Scripts\;D:\;C:\Users\Administrator\AppData\Local\Microsoft\WindowsApps;C:\Users\Administrator\AppData\Local\Programs\Microsoft VS Code\bin;C:\Users\Administrator\AppData\Roaming\npm;C:\Program Files\JetBrains\IntelliJ IDEA 2024.2.3\bin;;D:\apache-maven-3.9.6\bin;D:\python\Scripts;
USERNAME=Administrator
OS=Windows_NT
PROCESSOR_IDENTIFIER=Intel64 Family 6 Model 140 Stepping 1, GenuineIntel
TMP=C:\Users\ADMINI~1\AppData\Local\Temp
TEMP=C:\Users\ADMINI~1\AppData\Local\Temp



Periodic native trim disabled


---------------  S Y S T E M  ---------------

OS:
 Windows 10 , 64 bit Build 19041 (10.0.19041.4957)
OS uptime: 1 days 9:21 hours

CPU: total 8 (initial active 8) (4 cores per cpu, 2 threads per core) family 6 model 140 stepping 1 microcode 0xb8, cx8, cmov, fxsr, ht, mmx, 3dnowpref, sse, sse2, sse3, ssse3, sse4.1, sse4.2, popcnt, lzcnt, tsc, tscinvbit, avx, avx2, aes, erms, clmul, bmi1, bmi2, adx, avx512f, avx512dq, avx512cd, avx512bw, avx512vl, sha, fma, vzeroupper, avx512_vpopcntdq, avx512_vpclmulqdq, avx512_vaes, avx512_vnni, clflush, clflushopt, clwb, avx512_vbmi2, avx512_vbmi
Processor Information for all 8 processors :
  Max Mhz: 2419, Current Mhz: 2419, Mhz Limit: 2419

Memory: 4k page, system-wide physical 7918M (439M free)
TotalPageFile size 15918M (AvailPageFile size 4M)
current process WorkingSet (physical memory assigned to process): 347M, peak: 396M
current process commit charge ("private bytes"): 437M, peak: 443M

vm_info: OpenJDK 64-Bit Server VM (17.0.12+7) for windows-amd64 JRE (17.0.12+7), built on Jul 16 2024 22:08:24 by "admin" with MS VC++ 16.10 / 16.11 (VS2019)

END.
